1594009446436	mozrunner::runner	INFO	Running command: "C:\\Program Files\\Mozilla Firefox\\firefox.exe" "-marionette" "-foreground" "-no-remote" "-profile" "C:\\Users\\adith\\AppData\\Local\\Temp\\rust_mozprofileHC39Kg"
JavaScript error: resource://gre/modules/XULStore.jsm, line 66: Error: Can't find profile directory.
1594009448808	Marionette	INFO	Listening on port 3839
1594009449093	Marionette	WARN	TLS certificate errors will be ignored for this session
1594009450388	Marionette	INFO	Stopped listening on port 3839

###!!! [Child][RunMessage] Error: Channel closing: too late to send/recv, messages will be lost


###!!! [Child][MessageChannel::SendAndWait] Error: Channel error: cannot send/recv

1594009519527	mozrunner::runner	INFO	Running command: "C:\\Program Files\\Mozilla Firefox\\firefox.exe" "-marionette" "-foreground" "-no-remote" "-profile" "C:\\Users\\adith\\AppData\\Local\\Temp\\rust_mozprofile16uO6Z"
JavaScript error: resource://gre/modules/XULStore.jsm, line 66: Error: Can't find profile directory.
1594009521886	Marionette	INFO	Listening on port 3888
1594009522159	Marionette	WARN	TLS certificate errors will be ignored for this session
1594009660451	Marionette	INFO	Stopped listening on port 3888

###!!! [Child][RunMessage] Error: Channel closing: too late to send/recv, messages will be lost


###!!! [Child][MessageChannel::SendAndWait] Error: Channel error: cannot send/recv

e/modules/XULStore.jsm, line 66: Error: Can't find profile directory.
1594009560502	Marionette	INFO	Listening on port 3935
1594009560633	Marionette	WARN	TLS certificate errors will be ignored for this session
1594009567310	Marionette	INFO	Stopped listening on port 3935

###!!! [Child][RunMessage] Error: Channel closing: too late to send/recv, messages will be lost


###!!! [Child][MessageChannel::SendAndWait] Error: Channel error: cannot send/recv

1594009578898	mozrunner::runner	INFO	Running command: "C:\\Program Files\\Mozilla Firefox\\firefox.exe" "-marionette" "-foreground" "-no-remote" "-profile" "C:\\Users\\adith\\AppData\\Local\\Temp\\rust_mozprofilejzZqXu"
JavaScript error: resource://gre/modules/XULStore.jsm, line 66: Error: Can't find profile directory.
1594009581295	Marionette	INFO	Listening on port 3980
1594009581535	Marionette	WARN	TLS certificate errors will be ignored for this session
console.error: "Store does not have a valid reducer. Make sure the argument passed to combineReducers is an object whose values are reducers."
1594009661605	Marionette	INFO	Stopped listening on port 3980

###!!! [Child][RunMessage] Error: Channel closing: too late to send/recv, messages will be lost


###!!! [Child][MessageChannel::SendAndWait] Error: Channel error: cannot send/recv

1594009675158	mozrunner::runner	INFO	Running command: "C:\\Program Files\\Mozilla Firefox\\firefox.exe" "-marionette" "-foreground" "-no-remote" "-profile" "C:\\Users\\adith\\AppData\\Local\\Temp\\rust_mozprofile4VJX5u"
JavaScript error: resource://gre/modules/XULStore.jsm, line 66: Error: Can't find profile directory.
1594009677802	Marionette	INFO	Listening on port 4046
1594009678295	Marionette	WARN	TLS certificate errors will be ignored for this session
console.error: "Store does not have a valid reducer. Make sure the argument passed to combineReducers is an object whose values are reducers."
console.error: "Store does not have a valid reducer. Make sure the argument passed to combineReducers is an object whose values are reducers."
console.error: "Store does not have a valid reducer. Make sure the argument passed to combineReducers is an object whose values are reducers."
console.error: "Store does not have a valid reducer. Make sure the argument passed to combineReducers is an object whose values are reducers."
console.error: "Store does not have a valid reducer. Make sure the argument passed to combineReducers is an object whose values are reducers."
1594010304692	Marionette	INFO	Stopped listening on port 4046

###!!! [Child][RunMessage] Error: Channel closing: too late to send/recv, messages will be lost


###!!! [Child][MessageChannel::SendAndWait] Error: Channel error: cannot send/recv

1594010413294	mozrunner::runner	INFO	Running command: "C:\\Program Files\\Mozilla Firefox\\firefox.exe" "-marionette" "-foreground" "-no-remote" "-profile" "C:\\Users\\adith\\AppData\\Local\\Temp\\rust_mozprofileY2ftZe"
JavaScript error: resource://gre/modules/XULStore.jsm, line 66: Error: Can't find profile directory.
1594010415714	Marionette	INFO	Listening on port 4151
1594010415924	Marionette	WARN	TLS certificate errors will be ignored for this session
console.error: "Store does not have a valid reducer. Make sure the argument passed to combineReducers is an object whose values are reducers."
1594010682102	Marionette	INFO	Stopped listening on port 4151

###!!! [Child][RunMessage] Error: Channel closing: too late to send/recv, messages will be lost


###!!! [Child][MessageChannel::SendAndWait] Error: Channel error: cannot send/recv

1594010687199	mozrunner::runner	INFO	Running command: "C:\\Program Files\\Mozilla Firefox\\firefox.exe" "-marionette" "-foreground" "-no-remote" "-profile" "C:\\Users\\adith\\AppData\\Local\\Temp\\rust_mozprofileJ3GL7q"
JavaScript error: resource://gre/modules/XULStore.jsm, line 66: Error: Can't find profile directory.
1594010689668	Marionette	INFO	Listening on port 4234
1594010689841	Marionette	WARN	TLS certificate errors will be ignored for this session
1594010721712	Marionette	INFO	Stopped listening on port 4234

###!!! [Child][RunMessage] Error: Channel closing: too late to send/recv, messages will be lost


###!!! [Child][MessageChannel::SendAndWait] Error: Channel error: cannot send/recv

1594010888668	mozrunner::runner	INFO	Running command: "C:\\Program Files\\Mozilla Firefox\\firefox.exe" "-marionette" "-foreground" "-no-remote" "-profile" "C:\\Users\\adith\\AppData\\Local\\Temp\\rust_mozprofileIAD9Yt"
JavaScript error: resource://gre/modules/XULStore.jsm, line 66: Error: Can't find profile directory.
1594010891181	Marionette	INFO	Listening on port 4419
1594010891304	Marionette	WARN	TLS certificate errors will be ignored for this session
1594010896307	Marionette	INFO	Stopped listening on port 4419

###!!! [Child][RunMessage] Error: Channel closing: too late to send/recv, messages will be lost


###!!! [Child][MessageChannel::SendAndWait] Error: Channel error: cannot send/recv

1594010926647	mozrunner::runner	INFO	Running command: "C:\\Program Files\\Mozilla Firefox\\firefox.exe" "-marionette" "-foreground" "-no-remote" "-profile" "C:\\Users\\adith\\AppData\\Local\\Temp\\rust_mozprofileRexQtI"
JavaScript error: resource://gre/modules/XULStore.jsm, line 66: Error: Can't find profile directory.
1594010929199	Marionette	INFO	Listening on port 4504
1594010929273	Marionette	WARN	TLS certificate errors will be ignored for this session
1594010945060	Marionette	INFO	Stopped listening on port 4504

###!!! [Child][RunMessage] Error: Channel closing: too late to send/recv, messages will be lost


###!!! [Child][MessageChannel::SendAndWait] Error: Channel error: cannot send/recv

1594010960925	mozrunner::runner	INFO	Running command: "C:\\Program Files\\Mozilla Firefox\\firefox.exe" "-marionette" "-foreground" "-no-remote" "-profile" "C:\\Users\\adith\\AppData\\Local\\Temp\\rust_mozprofile0L3AnR"
JavaScript error: resource://gre/modules/XULStore.jsm, line 66: Error: Can't find profile directory.
1594010963495	Marionette	INFO	Listening on port 4564
1594010963562	Marionette	WARN	TLS certificate errors will be ignored for this session
1594010980180	Marionette	INFO	Stopped listening on port 4564

###!!! [Child][RunMessage] Error: Channel closing: too late to send/recv, messages will be lost


###!!! [Child][MessageChannel::SendAndWait] Error: Channel error: cannot send/recv

1594011048757	mozrunner::runner	INFO	Running command: "C:\\Program Files\\Mozilla Firefox\\firefox.exe" "-marionette" "-foreground" "-no-remote" "-profile" "C:\\Users\\adith\\AppData\\Local\\Temp\\rust_mozprofilecjQKqA"
JavaScript error: resource://gre/modules/XULStore.jsm, line 66: Error: Can't find profile directory.
1594011051329	Marionette	INFO	Listening on port 4658
1594011051406	Marionette	WARN	TLS certificate errors will be ignored for this session
1594011329979	mozrunner::runner	INFO	Running command: "C:\\Program Files\\Mozilla Firefox\\firefox.exe" "-marionette" "-foreground" "-no-remote" "-profile" "C:\\Users\\adith\\AppData\\Local\\Temp\\rust_mozprofileuJvzF4"
JavaScript error: resource://gre/modules/XULStore.jsm, line 66: Error: Can't find profile directory.
console.error: Region.jsm: "Failed to fetch region" (new TypeError("NetworkError when attempting to fetch resource.", ""))

###!!! [Child][RunMessage] Error: Channel closing: too late to send/recv, messages will be lost


###!!! [Child][MessageChannel::SendAndWait] Error: Channel error: cannot send/recv

1594011398449	mozrunner::runner	INFO	Running command: "C:\\Program Files\\Mozilla Firefox\\firefox.exe" "-marionette" "-foreground" "-no-remote" "-profile" "C:\\Users\\adith\\AppData\\Local\\Temp\\rust_mozprofilep7jBul"
JavaScript error: resource://gre/modules/XULStore.jsm, line 66: Error: Can't find profile directory.
1594011400852	Marionette	INFO	Listening on port 2273
1594011401081	Marionette	WARN	TLS certificate errors will be ignored for this session
console.error: "Store does not have a valid reducer. Make sure the argument passed to combineReducers is an object whose values are reducers."
JavaScript error: resource://devtools/client/inspector/flexbox/flexbox.js, line 55: TypeError: this.inspector is null
JavaScript error: resource://devtools/client/inspector/grids/grid-inspector.js, line 104: TypeError: this.inspector is null
console.error: "Store does not have a valid reducer. Make sure the argument passed to combineReducers is an object whose values are reducers."
1594011485716	Marionette	INFO	Stopped listening on port 2273

###!!! [Child][RunMessage] Error: Channel closing: too late to send/recv, messages will be lost


###!!! [Child][MessageChannel::SendAndWait] Error: Channel error: cannot send/recv

1594011490946	mozrunner::runner	INFO	Running command: "C:\\Program Files\\Mozilla Firefox\\firefox.exe" "-marionette" "-foreground" "-no-remote" "-profile" "C:\\Users\\adith\\AppData\\Local\\Temp\\rust_mozprofilegX3NpU"
JavaScript error: resource://gre/modules/XULStore.jsm, line 66: Error: Can't find profile directory.
1594011493321	Marionette	INFO	Listening on port 2338
1594011493575	Marionette	WARN	TLS certificate errors will be ignored for this session
1594011559560	Marionette	INFO	Stopped listening on port 2338

###!!! [Child][RunMessage] Error: Channel closing: too late to send/recv, messages will be lost


###!!! [Child][MessageChannel::SendAndWait] Error: Channel error: cannot send/recv

1594012995406	mozrunner::runner	INFO	Running command: "C:\\Program Files\\Mozilla Firefox\\firefox.exe" "-marionette" "-foreground" "-no-remote" "-profile" "C:\\Users\\adith\\AppData\\Local\\Temp\\rust_mozprofilei5iGbM"
JavaScript error: resource://gre/modules/XULStore.jsm, line 66: Error: Can't find profile directory.
1594012997769	Marionette	INFO	Listening on port 2361
1594012998026	Marionette	WARN	TLS certificate errors will be ignored for this session
1594013005961	Marionette	INFO	Stopped listening on port 2361

###!!! [Child][RunMessage] Error: Channel closing: too late to send/recv, messages will be lost


###!!! [Child][MessageChannel::SendAndWait] Error: Channel error: cannot send/recv

1594013683733	mozrunner::runner	INFO	Running command: "C:\\Program Files\\Mozilla Firefox\\firefox.exe" "-marionette" "-foreground" "-no-remote" "-profile" "C:\\Users\\adith\\AppData\\Local\\Temp\\rust_mozprofileG77RpN"
JavaScript error: resource://gre/modules/XULStore.jsm, line 66: Error: Can't find profile directory.
1594013686152	Marionette	INFO	Listening on port 2601
1594013686354	Marionette	WARN	TLS certificate errors will be ignored for this session
1594013738038	Marionette	INFO	Stopped listening on port 2601

###!!! [Child][RunMessage] Error: Channel closing: too late to send/recv, messages will be lost


###!!! [Child][MessageChannel::SendAndWait] Error: Channel error: cannot send/recv

1594014313184	mozrunner::runner	INFO	Running command: "C:\\Program Files\\Mozilla Firefox\\firefox.exe" "-marionette" "-foreground" "-no-remote" "-profile" "C:\\Users\\adith\\AppData\\Local\\Temp\\rust_mozprofile37sigl"
JavaScript error: resource://gre/modules/XULStore.jsm, line 66: Error: Can't find profile directory.
1594014315611	Marionette	INFO	Listening on port 2801
1594014315817	Marionette	WARN	TLS certificate errors will be ignored for this session
console.error: services.settings: 
  main/whats-new-panel Signature failed  TypeError: NetworkError when attempting to fetch resource.
1594014319338	Marionette	INFO	Stopped listening on port 2801

###!!! [Child][RunMessage] Error: Channel closing: too late to send/recv, messages will be lost


###!!! [Child][MessageChannel::SendAndWait] Error: Channel error: cannot send/recv

1594014383155	mozrunner::runner	INFO	Running command: "C:\\Program Files\\Mozilla Firefox\\firefox.exe" "-marionette" "-foreground" "-no-remote" "-profile" "C:\\Users\\adith\\AppData\\Local\\Temp\\rust_mozprofiledocweq"
JavaScript error: resource://gre/modules/XULStore.jsm, line 66: Error: Can't find profile directory.
1594014385650	Marionette	INFO	Listening on port 2853
1594014385777	Marionette	WARN	TLS certificate errors will be ignored for this session
1594014388515	Marionette	INFO	Stopped listening on port 2853

###!!! [Child][RunMessage] Error: Channel closing: too late to send/recv, messages will be lost


###!!! [Child][MessageChannel::SendAndWait] Error: Channel error: cannot send/recv

1594014650082	mozrunner::runner	INFO	Running command: "C:\\Program Files\\Mozilla Firefox\\firefox.exe" "-marionette" "-foreground" "-no-remote" "-profile" "C:\\Users\\adith\\AppData\\Local\\Temp\\rust_mozprofileumIBim"
JavaScript error: resource://gre/modules/XULStore.jsm, line 66: Error: Can't find profile directory.
1594014652543	Marionette	INFO	Listening on port 2968
1594014652713	Marionette	WARN	TLS certificate errors will be ignored for this session
console.error: "Store does not have a valid reducer. Make sure the argument passed to combineReducers is an object whose values are reducers."
1594014709612	Marionette	INFO	Stopped listening on port 2968

###!!! [Child][RunMessage] Error: Channel closing: too late to send/recv, messages will be lost


###!!! [Child][MessageChannel::SendAndWait] Error: Channel error: cannot send/recv

1594014722574	mozrunner::runner	INFO	Running command: "C:\\Program Files\\Mozilla Firefox\\firefox.exe" "-marionette" "-foreground" "-no-remote" "-profile" "C:\\Users\\adith\\AppData\\Local\\Temp\\rust_mozprofile2aTUlk"
JavaScript error: resource://gre/modules/XULStore.jsm, line 66: Error: Can't find profile directory.
1594014725056	Marionette	INFO	Listening on port 3047
1594014725198	Marionette	WARN	TLS certificate errors will be ignored for this session
console.error: "Store does not have a valid reducer. Make sure the argument passed to combineReducers is an object whose values are reducers."
JavaScript error: http://192.168.1.1/common.js, line 14: TypeError: top.frames[0].resetTimeoutFunc is not a function
console.error: "Store does not have a valid reducer. Make sure the argument passed to combineReducers is an object whose values are reducers."
1594015297841	Marionette	INFO	Stopped listening on port 3047

###!!! [Child][RunMessage] Error: Channel closing: too late to send/recv, messages will be lost


###!!! [Child][MessageChannel::SendAndWait] Error: Channel error: cannot send/recv

1594015316237	mozrunner::runner	INFO	Running command: "C:\\Program Files\\Mozilla Firefox\\firefox.exe" "-marionette" "-foreground" "-no-remote" "-profile" "C:\\Users\\adith\\AppData\\Local\\Temp\\rust_mozprofile6TC3CM"
JavaScript error: resource://gre/modules/XULStore.jsm, line 66: Error: Can't find profile directory.
1594015318736	Marionette	INFO	Listening on port 3195
1594015318858	Marionette	WARN	TLS certificate errors will be ignored for this session
JavaScript error: http://192.168.1.1/common.js, line 14: TypeError: top.frames[0].resetTimeoutFunc is not a function
console.error: "Store does not have a valid reducer. Make sure the argument passed to combineReducers is an object whose values are reducers."
JavaScript error: http://192.168.1.1/common.js, line 14: TypeError: top.frames[0].resetTimeoutFunc is not a function
console.error: "Store does not have a valid reducer. Make sure the argument passed to combineReducers is an object whose values are reducers."
JavaScript error: http://192.168.1.1/common.js, line 14: TypeError: top.frames[0].resetTimeoutFunc is not a function
JavaScript error: http://192.168.1.1/common.js, line 14: TypeError: top.frames[0].resetTimeoutFunc is not a function
JavaScript error: http://192.168.1.1/common.js, line 14: TypeError: top.frames[0].resetTimeoutFunc is not a function
console.error: "Store does not have a valid reducer. Make sure the argument passed to combineReducers is an object whose values are reducers."
JavaScript error: http://192.168.1.1/common.js, line 14: TypeError: top.frames[0].resetTimeoutFunc is not a function
JavaScript error: http://192.168.1.1/common.js, line 14: TypeError: top.frames[0].resetTimeoutFunc is not a function
JavaScript error: http://192.168.1.1/common.js, line 14: TypeError: top.frames[0].resetTimeoutFunc is not a function
JavaScript error: http://192.168.1.1/common.js, line 14: TypeError: top.frames[0].resetTimeoutFunc is not a function
console.error: "Store does not have a valid reducer. Make sure the argument passed to combineReducers is an object whose values are reducers."
JavaScript error: http://192.168.1.1/common.js, line 14: TypeError: top.frames[0].resetTimeoutFunc is not a function
JavaScript error: http://192.168.1.1/common.js, line 14: TypeError: top.frames[0].resetTimeoutFunc is not a function
JavaScript error: http://192.168.1.1/common.js, line 14: TypeError: top.frames[0].resetTimeoutFunc is not a function
console.error: "Store does not have a valid reducer. Make sure the argument passed to combineReducers is an object whose values are reducers."
JavaScript error: http://192.168.1.1/common.js, line 14: TypeError: top.frames[0].resetTimeoutFunc is not a function
console.warn: "Got an unexpected frameLoad in the inspector, please file a bug on bugzilla.mozilla.org!"
console.trace: 
resource://devtools/client/fronts/walker.js 350 getMutations
JavaScript error: http://192.168.1.1/common.js, line 14: TypeError: top.frames[0].resetTimeoutFunc is not a function
console.warn: "Got an unexpected frameLoad in the inspector, please file a bug on bugzilla.mozilla.org!"
console.trace: 
resource://devtools/client/fronts/walker.js 350 getMutations
console.warn: "Got an unexpected frameLoad in the inspector, please file a bug on bugzilla.mozilla.org!"
console.trace: 
resource://devtools/client/fronts/walker.js 350 getMutations
JavaScript error: http://192.168.1.1/common.js, line 14: TypeError: top.frames[0].resetTimeoutFunc is not a function
console.warn: "Got an unexpected frameLoad in the inspector, please file a bug on bugzilla.mozilla.org!"
console.trace: 
resource://devtools/client/fronts/walker.js 350 getMutations
console.warn: "Got an unexpected frameLoad in the inspector, please file a bug on bugzilla.mozilla.org!"
console.trace: 
resource://devtools/client/fronts/walker.js 350 getMutations
console.warn: "Got an unexpected frameLoad in the inspector, please file a bug on bugzilla.mozilla.org!"
console.trace: 
resource://devtools/client/fronts/walker.js 350 getMutations
JavaScript error: http://192.168.1.1/common.js, line 14: TypeError: top.frames[0].resetTimeoutFunc is not a function
console.warn: "Got an unexpected frameLoad in the inspector, please file a bug on bugzilla.mozilla.org!"
console.trace: 
resource://devtools/client/fronts/walker.js 350 getMutations
console.warn: "Got an unexpected frameLoad in the inspector, please file a bug on bugzilla.mozilla.org!"
console.trace: 
resource://devtools/client/fronts/walker.js 350 getMutations
console.warn: "Got an unexpected frameLoad in the inspector, please file a bug on bugzilla.mozilla.org!"
console.trace: 
resource://devtools/client/fronts/walker.js 350 getMutations
console.warn: "Got an unexpected frameLoad in the inspector, please file a bug on bugzilla.mozilla.org!"
console.trace: 
resource://devtools/client/fronts/walker.js 350 getMutations
JavaScript error: http://192.168.1.1/common.js, line 14: TypeError: top.frames[0].resetTimeoutFunc is not a function
JavaScript error: http://192.168.1.1/common.js, line 14: TypeError: top.frames[0].resetTimeoutFunc is not a function
console.warn: "Got an unexpected frameLoad in the inspector, please file a bug on bugzilla.mozilla.org!"
console.trace: 
resource://devtools/client/fronts/walker.js 350 getMutations
console.warn: "Got an unexpected frameLoad in the inspector, please file a bug on bugzilla.mozilla.org!"
console.trace: 
resource://devtools/client/fronts/walker.js 350 getMutations
console.warn: "Got an unexpected frameLoad in the inspector, please file a bug on bugzilla.mozilla.org!"
console.trace: 
resource://devtools/client/fronts/walker.js 350 getMutations
console.warn: "Got an unexpected frameLoad in the inspector, please file a bug on bugzilla.mozilla.org!"
console.trace: 
resource://devtools/client/fronts/walker.js 350 getMutations
console.warn: "Got an unexpected frameLoad in the inspector, please file a bug on bugzilla.mozilla.org!"
console.trace: 
resource://devtools/client/fronts/walker.js 350 getMutations
1594016444784	Marionette	INFO	Stopped listening on port 3195

###!!! [Child][RunMessage] Error: Channel closing: too late to send/recv, messages will be lost


###!!! [Child][MessageChannel::SendAndWait] Error: Channel error: cannot send/recv

1594016450847	mozrunner::runner	INFO	Running command: "C:\\Program Files\\Mozilla Firefox\\firefox.exe" "-marionette" "-foreground" "-no-remote" "-profile" "C:\\Users\\adith\\AppData\\Local\\Temp\\rust_mozprofile3NCcEi"
JavaScript error: resource://gre/modules/XULStore.jsm, line 66: Error: Can't find profile directory.
1594016455429	Marionette	INFO	Listening on port 3420
1594016455571	Marionette	WARN	TLS certificate errors will be ignored for this session
1594016460141	Marionette	INFO	Stopped listening on port 3420

###!!! [Child][RunMessage] Error: Channel closing: too late to send/recv, messages will be lost


###!!! [Child][MessageChannel::SendAndWait] Error: Channel error: cannot send/recv

1594016470694	mozrunner::runner	INFO	Running command: "C:\\Program Files\\Mozilla Firefox\\firefox.exe" "-marionette" "-foreground" "-no-remote" "-profile" "C:\\Users\\adith\\AppData\\Local\\Temp\\rust_mozprofilegvjv7N"
JavaScript error: resource://gre/modules/XULStore.jsm, line 66: Error: Can't find profile directory.
1594016473157	Marionette	INFO	Listening on port 3464
1594016473313	Marionette	WARN	TLS certificate errors will be ignored for this session
1594016476082	Marionette	INFO	Stopped listening on port 3464

###!!! [Child][RunMessage] Error: Channel closing: too late to send/recv, messages will be lost


###!!! [Child][MessageChannel::SendAndWait] Error: Channel error: cannot send/recv

1594016666970	mozrunner::runner	INFO	Running command: "C:\\Program Files\\Mozilla Firefox\\firefox.exe" "-marionette" "-foreground" "-no-remote" "-profile" "C:\\Users\\adith\\AppData\\Local\\Temp\\rust_mozprofileDaXSpj"
JavaScript error: resource://gre/modules/XULStore.jsm, line 66: Error: Can't find profile directory.
1594016669441	Marionette	INFO	Listening on port 3528
1594016669591	Marionette	WARN	TLS certificate errors will be ignored for this session
1594016824205	Marionette	INFO	Stopped listening on port 3528

###!!! [Child][MessageChannel::SendAndWait] Error: Channel error: cannot send/recv

file" "C:\\Users\\adith\\AppData\\Local\\Temp\\rust_mozprofileE6kgAu"
JavaScript error: resource://gre/modules/XULStore.jsm, line 66: Error: Can't find profile directory.
1594016826025	Marionette	INFO	Listening on port 3586
1594016826511	Marionette	WARN	TLS certificate errors will be ignored for this session
1594016844383	Marionette	INFO	Stopped listening on port 3586

###!!! [Child][RunMessage] Error: Channel closing: too late to send/recv, messages will be lost


###!!! [Child][MessageChannel::SendAndWait] Error: Channel error: cannot send/recv

1594016856126	mozrunner::runner	INFO	Running command: "C:\\Program Files\\Mozilla Firefox\\firefox.exe" "-marionette" "-foreground" "-no-remote" "-profile" "C:\\Users\\adith\\AppData\\Local\\Temp\\rust_mozprofileAwdSQP"
JavaScript error: resource://gre/modules/XULStore.jsm, line 66: Error: Can't find profile directory.
1594016858645	Marionette	INFO	Listening on port 3642
1594016858747	Marionette	WARN	TLS certificate errors will be ignored for this session
console.error: "Store does not have a valid reducer. Make sure the argument passed to combineReducers is an object whose values are reducers."
1594016945181	Marionette	INFO	Stopped listening on port 3642

###!!! [Child][RunMessage] Error: Channel closing: too late to send/recv, messages will be lost


###!!! [Child][MessageChannel::SendAndWait] Error: Channel error: cannot send/recv

1594016952531	mozrunner::runner	INFO	Running command: "C:\\Program Files\\Mozilla Firefox\\firefox.exe" "-marionette" "-foreground" "-no-remote" "-profile" "C:\\Users\\adith\\AppData\\Local\\Temp\\rust_mozprofilevLQznu"
JavaScript error: resource://gre/modules/XULStore.jsm, line 66: Error: Can't find profile directory.
1594016955001	Marionette	INFO	Listening on port 3704
1594016955153	Marionette	WARN	TLS certificate errors will be ignored for this session
console.error: "Store does not have a valid reducer. Make sure the argument passed to combineReducers is an object whose values are reducers."
JavaScript error: resource:///modules/UrlbarInput.jsm, line 2140: TypeError: event.target.closest is not a function
1594017013983	Marionette	INFO	Stopped listening on port 3704

###!!! [Child][RunMessage] Error: Channel closing: too late to send/recv, messages will be lost


###!!! [Child][MessageChannel::SendAndWait] Error: Channel error: cannot send/recv

1594017020203	mozrunner::runner	INFO	Running command: "C:\\Program Files\\Mozilla Firefox\\firefox.exe" "-marionette" "-foreground" "-no-remote" "-profile" "C:\\Users\\adith\\AppData\\Local\\Temp\\rust_mozprofile5b2aEv"
JavaScript error: resource://gre/modules/XULStore.jsm, line 66: Error: Can't find profile directory.
1594017022932	Marionette	INFO	Listening on port 3747
1594017023326	Marionette	WARN	TLS certificate errors will be ignored for this session
JavaScript error: http://192.168.1.1/common.js, line 14: TypeError: top.frames[0].resetTimeoutFunc is not a function
JavaScript error: http://192.168.1.1/common.js, line 14: TypeError: top.frames[0].resetTimeoutFunc is not a function
JavaScript error: http://192.168.1.1/common.js, line 14: TypeError: top.frames[0].resetTimeoutFunc is not a function
JavaScript error: http://192.168.1.1/common.js, line 14: TypeError: top.frames[0].resetTimeoutFunc is not a function
JavaScript error: http://192.168.1.1/common.js, line 14: TypeError: top.frames[0].resetTimeoutFunc is not a function
JavaScript error: http://192.168.1.1/common.js, line 14: TypeError: top.frames[0].resetTimeoutFunc is not a function
JavaScript error: http://192.168.1.1/common.js, line 14: TypeError: top.frames[0].resetTimeoutFunc is not a function
JavaScript error: http://192.168.1.1/common.js, line 14: TypeError: top.frames[0].resetTimeoutFunc is not a function
JavaScript error: http://192.168.1.1/common.js, line 14: TypeError: top.frames[0].resetTimeoutFunc is not a function
JavaScript error: http://192.168.1.1/common.js, line 14: TypeError: top.frames[0].resetTimeoutFunc is not a function
JavaScript error: http://192.168.1.1/common.js, line 14: TypeError: top.frames[0].resetTimeoutFunc is not a function
JavaScript error: http://192.168.1.1/common.js, line 14: TypeError: top.frames[0].resetTimeoutFunc is not a function
JavaScript error: http://192.168.1.1/common.js, line 14: TypeError: top.frames[0].resetTimeoutFunc is not a function
JavaScript error: http://192.168.1.1/common.js, line 14: TypeError: top.frames[0].resetTimeoutFunc is not a function
JavaScript error: http://192.168.1.1/common.js, line 14: TypeError: top.frames[0].resetTimeoutFunc is not a function
JavaScript error: http://192.168.1.1/common.js, line 14: TypeError: top.frames[0].resetTimeoutFunc is not a function
JavaScript error: http://192.168.1.1/common.js, line 14: TypeError: top.frames[0].resetTimeoutFunc is not a function
JavaScript error: http://192.168.1.1/common.js, line 14: TypeError: top.frames[0].resetTimeoutFunc is not a function
JavaScript error: http://192.168.1.1/share.js, line 670: TypeError: button is undefined
JavaScript error: http://192.168.1.1/common.js, line 14: TypeError: top.frames[0].resetTimeoutFunc is not a function
JavaScript error: http://192.168.1.1/common.js, line 14: TypeError: top.frames[0].resetTimeoutFunc is not a function
JavaScript error: http://192.168.1.1/common.js, line 14: TypeError: top.frames[0].resetTimeoutFunc is not a function
JavaScript error: http://192.168.1.1/common.js, line 14: TypeError: top.frames[0].resetTimeoutFunc is not a function
JavaScript error: http://192.168.1.1/common.js, line 14: TypeError: top.frames[0].resetTimeoutFunc is not a function
JavaScript error: http://192.168.1.1/common.js, line 14: TypeError: top.frames[0].resetTimeoutFunc is not a function
JavaScript error: http://192.168.1.1/common.js, line 14: TypeError: top.frames[0].resetTimeoutFunc is not a function
JavaScript error: http://192.168.1.1/common.js, line 14: TypeError: top.frames[0].resetTimeoutFunc is not a function
JavaScript error: http://192.168.1.1/common.js, line 14: TypeError: top.frames[0].resetTimeoutFunc is not a function
JavaScript error: http://192.168.1.1/common.js, line 14: TypeError: top.frames[0].resetTimeoutFunc is not a function
JavaScript error: http://192.168.1.1/common.js, line 14: TypeError: top.frames[0].resetTimeoutFunc is not a function
1594017109776	Marionette	INFO	Stopped listening on port 3747

###!!! [Child][RunMessage] Error: Channel closing: too late to send/recv, messages will be lost


###!!! [Child][MessageChannel::SendAndWait] Error: Channel error: cannot send/recv

1594017135398	mozrunner::runner	INFO	Running command: "C:\\Program Files\\Mozilla Firefox\\firefox.exe" "-marionette" "-foreground" "-no-remote" "-profile" "C:\\Users\\adith\\AppData\\Local\\Temp\\rust_mozprofileoQwkjw"
JavaScript error: resource://gre/modules/XULStore.jsm, line 66: Error: Can't find profile directory.
1594017137932	Marionette	INFO	Listening on port 3892
1594017138018	Marionette	WARN	TLS certificate errors will be ignored for this session
JavaScript error: http://192.168.1.1/common.js, line 14: TypeError: top.frames[0].resetTimeoutFunc is not a function
1594017170598	Marionette	INFO	Stopped listening on port 3892

###!!! [Child][RunMessage] Error: Channel closing: too late to send/recv, messages will be lost


###!!! [Child][MessageChannel::SendAndWait] Error: Channel error: cannot send/recv

1594017175554	mozrunner::runner	INFO	Running command: "C:\\Program Files\\Mozilla Firefox\\firefox.exe" "-marionette" "-foreground" "-no-remote" "-profile" "C:\\Users\\adith\\AppData\\Local\\Temp\\rust_mozprofile6A95Ro"
JavaScript error: resource://gre/modules/XULStore.jsm, line 66: Error: Can't find profile directory.
1594017177980	Marionette	INFO	Listening on port 3957
1594017178181	Marionette	WARN	TLS certificate errors will be ignored for this session
1594017266424	Marionette	INFO	Stopped listening on port 3957

###!!! [Child][RunMessage] Error: Channel closing: too late to send/recv, messages will be lost


###!!! [Child][MessageChannel::SendAndWait] Error: Channel error: cannot send/recv

1594017273620	mozrunner::runner	INFO	Running command: "C:\\Program Files\\Mozilla Firefox\\firefox.exe" "-marionette" "-foreground" "-no-remote" "-profile" "C:\\Users\\adith\\AppData\\Local\\Temp\\rust_mozprofileuNfw8g"
JavaScript error: resource://gre/modules/XULStore.jsm, line 66: Error: Can't find profile directory.
1594017276075	Marionette	INFO	Listening on port 4007
1594017276241	Marionette	WARN	TLS certificate errors will be ignored for this session
console.error: "Store does not have a valid reducer. Make sure the argument passed to combineReducers is an object whose values are reducers."
1594017348430	Marionette	INFO	Stopped listening on port 4007

###!!! [Child][RunMessage] Error: Channel closing: too late to send/recv, messages will be lost


###!!! [Child][MessageChannel::SendAndWait] Error: Channel error: cannot send/recv

e/modules/XULStore.jsm, line 66: Error: Can't find profile directory.
1594017345376	Marionette	INFO	Listening on port 4057
1594017345878	Marionette	WARN	TLS certificate errors will be ignored for this session
1594017351334	Marionette	INFO	Stopped listening on port 4057

###!!! [Child][RunMessage] Error: Channel closing: too late to send/recv, messages will be lost


###!!! [Child][MessageChannel::SendAndWait] Error: Channel error: cannot send/recv

1594017357814	mozrunner::runner	INFO	Running command: "C:\\Program Files\\Mozilla Firefox\\firefox.exe" "-marionette" "-foreground" "-no-remote" "-profile" "C:\\Users\\adith\\AppData\\Local\\Temp\\rust_mozprofileFo2FtE"
JavaScript error: resource://gre/modules/XULStore.jsm, line 66: Error: Can't find profile directory.
1594017360284	Marionette	INFO	Listening on port 4106
1594017360438	Marionette	WARN	TLS certificate errors will be ignored for this session
JavaScript error: resource://gre/modules/XULStore.jsm, line 66: Error: Can't find profile directory.
JavaScript error: resource://gre/modules/XULStore.jsm, line 66: Error: Can't find profile directory.
JavaScript error: resource://gre/modules/XULStore.jsm, line 66: Error: Can't find profile directory.
JavaScript error: resource://gre/modules/XULStore.jsm, line 66: Error: Can't find profile directory.
JavaScript error: resource://gre/modules/XULStore.jsm, line 66: Error: Can't find profile directory.
JavaScript error: resource://gre/modules/XULStore.jsm, line 66: Error: Can't find profile directory.
JavaScript error: resource://gre/modules/XULStore.jsm, line 66: Error: Can't find profile directory.
JavaScript error: resource://gre/modules/XULStore.jsm, line 66: Error: Can't find profile directory.
console.error: "Store does not have a valid reducer. Make sure the argument passed to combineReducers is an object whose values are reducers."
1594017462346	Marionette	INFO	Stopped listening on port 4106

###!!! [Child][RunMessage] Error: Channel closing: too late to send/recv, messages will be lost


###!!! [Child][MessageChannel::SendAndWait] Error: Channel error: cannot send/recv

1594017467408	mozrunner::runner	INFO	Running command: "C:\\Program Files\\Mozilla Firefox\\firefox.exe" "-marionette" "-foreground" "-no-remote" "-profile" "C:\\Users\\adith\\AppData\\Local\\Temp\\rust_mozprofile5GWBvA"
JavaScript error: resource://gre/modules/XULStore.jsm, line 66: Error: Can't find profile directory.
1594017469896	Marionette	INFO	Listening on port 4160
1594017470027	Marionette	WARN	TLS certificate errors will be ignored for this session
1594017476133	Marionette	INFO	Stopped listening on port 4160
1594017480629	mozrunner::runner	INFO	Running command: "C:\\Program Files\\Mozilla Firefox\\firefox.exe" "-marionette" "-foreground" "-no-remote" "-profile" "C:\\Users\\adith\\AppData\\Local\\Temp\\rust_mozprofileQyKuiI"
JavaScript error: resource://gre/modules/XULStore.jsm, line 66: Error: Can't find profile directory.
1594017483226	Marionette	INFO	Listening on port 4201
1594017483252	Marionette	WARN	TLS certificate errors will be ignored for this session
1594017487580	Marionette	INFO	Stopped listening on port 4201

###!!! [Child][MessageChannel::SendAndWait] Error: Channel error: cannot send/recv

1594017607492	mozrunner::runner	INFO	Running command: "C:\\Program Files\\Mozilla Firefox\\firefox.exe" "-marionette" "-foreground" "-no-remote" "-profile" "C:\\Users\\adith\\AppData\\Local\\Temp\\rust_mozprofileccH7aK"
JavaScript error: resource://gre/modules/XULStore.jsm, line 66: Error: Can't find profile directory.
1594017609993	Marionette	INFO	Listening on port 4320
1594017610120	Marionette	WARN	TLS certificate errors will be ignored for this session
1594017615757	Marionette	INFO	Stopped listening on port 4320

###!!! [Child][RunMessage] Error: Channel closing: too late to send/recv, messages will be lost


###!!! [Child][MessageChannel::SendAndWait] Error: Channel error: cannot send/recv

1594017622486	mozrunner::runner	INFO	Running command: "C:\\Program Files\\Mozilla Firefox\\firefox.exe" "-marionette" "-foreground" "-no-remote" "-profile" "C:\\Users\\adith\\AppData\\Local\\Temp\\rust_mozprofileepGatG"
JavaScript error: resource://gre/modules/XULStore.jsm, line 66: Error: Can't find profile directory.
1594017624985	Marionette	INFO	Listening on port 4382
1594017625108	Marionette	WARN	TLS certificate errors will be ignored for this session
1594017629357	Marionette	INFO	Stopped listening on port 4382

###!!! [Child][RunMessage] Error: Channel closing: too late to send/recv, messages will be lost


###!!! [Child][MessageChannel::SendAndWait] Error: Channel error: cannot send/recv

1594017668599	mozrunner::runner	INFO	Running command: "C:\\Program Files\\Mozilla Firefox\\firefox.exe" "-marionette" "-foreground" "-no-remote" "-profile" "C:\\Users\\adith\\AppData\\Local\\Temp\\rust_mozprofileOg51Z7"
JavaScript error: resource://gre/modules/XULStore.jsm, line 66: Error: Can't find profile directory.
1594017671026	Marionette	INFO	Listening on port 4432
1594017671225	Marionette	WARN	TLS certificate errors will be ignored for this session
1594017683953	Marionette	INFO	Stopped listening on port 4432

###!!! [Child][RunMessage] Error: Channel closing: too late to send/recv, messages will be lost


###!!! [Child][MessageChannel::SendAndWait] Error: Channel error: cannot send/recv

1594017700041	mozrunner::runner	INFO	Running command: "C:\\Program Files\\Mozilla Firefox\\firefox.exe" "-marionette" "-foreground" "-no-remote" "-profile" "C:\\Users\\adith\\AppData\\Local\\Temp\\rust_mozprofilegAOr24"
JavaScript error: resource://gre/modules/XULStore.jsm, line 66: Error: Can't find profile directory.
1594017702470	Marionette	INFO	Listening on port 4478
1594017702663	Marionette	WARN	TLS certificate errors will be ignored for this session
1594017710712	Marionette	INFO	Stopped listening on port 4478

###!!! [Child][RunMessage] Error: Channel closing: too late to send/recv, messages will be lost


###!!! [Child][MessageChannel::SendAndWait] Error: Channel error: cannot send/recv

1594017743511	mozrunner::runner	INFO	Running command: "C:\\Program Files\\Mozilla Firefox\\firefox.exe" "-marionette" "-foreground" "-no-remote" "-profile" "C:\\Users\\adith\\AppData\\Local\\Temp\\rust_mozprofileJvXHTC"
JavaScript error: resource://gre/modules/XULStore.jsm, line 66: Error: Can't find profile directory.
1594017746167	Marionette	INFO	Listening on port 4529
1594017746643	Marionette	WARN	TLS certificate errors will be ignored for this session
1594017752895	Marionette	INFO	Stopped listening on port 4529

###!!! [Child][RunMessage] Error: Channel closing: too late to send/recv, messages will be lost


###!!! [Child][MessageChannel::SendAndWait] Error: Channel error: cannot send/recv

1594017912000	mozrunner::runner	INFO	Running command: "C:\\Program Files\\Mozilla Firefox\\firefox.exe" "-marionette" "-foreground" "-no-remote" "-profile" "C:\\Users\\adith\\AppData\\Local\\Temp\\rust_mozprofileDR2uZZ"
JavaScript error: resource://gre/modules/XULStore.jsm, line 66: Error: Can't find profile directory.
1594017914563	Marionette	INFO	Listening on port 4726
1594017914623	Marionette	WARN	TLS certificate errors will be ignored for this session
1594017930522	Marionette	INFO	Stopped listening on port 4726

###!!! [Child][RunMessage] Error: Channel closing: too late to send/recv, messages will be lost


###!!! [Child][MessageChannel::SendAndWait] Error: Channel error: cannot send/recv

Invalid port. Exiting...
Invalid port. Exiting...
1594018495215	mozrunner::runner	INFO	Running command: "C:\\Program Files\\Mozilla Firefox\\firefox.exe" "-marionette" "-foreground" "-no-remote" "-profile" "C:\\Users\\adith\\AppData\\Local\\Temp\\rust_mozprofilemHlO4s"
JavaScript error: resource://gre/modules/XULStore.jsm, line 66: Error: Can't find profile directory.
1594018497731	Marionette	INFO	Listening on port 5250
1594018497846	Marionette	WARN	TLS certificate errors will be ignored for this session
JavaScript error: http://192.168.1.1/common.js, line 14: TypeError: top.frames[0].resetTimeoutFunc is not a function
1594018501302	Marionette	INFO	Stopped listening on port 5250
1594018506116	mozrunner::runner	INFO	Running command: "C:\\Program Files\\Mozilla Firefox\\firefox.exe" "-marionette" "-foreground" "-no-remote" "-profile" "C:\\Users\\adith\\AppData\\Local\\Temp\\rust_mozprofilekhKF9T"
JavaScript error: resource://gre/modules/XULStore.jsm, line 66: Error: Can't find profile directory.
1594018508726	Marionette	INFO	Listening on port 5316
1594018508750	Marionette	WARN	TLS certificate errors will be ignored for this session
1594018512807	Marionette	INFO	Stopped listening on port 5316

###!!! [Child][RunMessage] Error: Channel closing: too late to send/recv, messages will be lost


###!!! [Child][MessageChannel::SendAndWait] Error: Channel error: cannot send/recv

1594018664384	mozrunner::runner	INFO	Running command: "C:\\Program Files\\Mozilla Firefox\\firefox.exe" "-marionette" "-foreground" "-no-remote" "-profile" "C:\\Users\\adith\\AppData\\Local\\Temp\\rust_mozprofileII7wo4"
JavaScript error: resource://gre/modules/XULStore.jsm, line 66: Error: Can't find profile directory.
1594018667040	Marionette	INFO	Listening on port 5461
1594018667511	Marionette	WARN	TLS certificate errors will be ignored for this session
console.warn: services.settings: main/whats-new-panel sync interrupted by shutdown
1594018670086	Marionette	INFO	Stopped listening on port 5461

###!!! [Child][RunMessage] Error: Channel closing: too late to send/recv, messages will be lost


###!!! [Child][MessageChannel::SendAndWait] Error: Channel error: cannot send/recv

1594018681790	mozrunner::runner	INFO	Running command: "C:\\Program Files\\Mozilla Firefox\\firefox.exe" "-marionette" "-foreground" "-no-remote" "-profile" "C:\\Users\\adith\\AppData\\Local\\Temp\\rust_mozprofile85SHSa"
JavaScript error: resource://gre/modules/XULStore.jsm, line 66: Error: Can't find profile directory.
1594018684750	Marionette	INFO	Listening on port 5516
1594018684910	Marionette	WARN	TLS certificate errors will be ignored for this session
JavaScript error: http://192.168.1.1/common.js, line 14: TypeError: top.frames[0].resetTimeoutFunc is not a function
1594018687387	Marionette	INFO	Stopped listening on port 5516

###!!! [Child][RunMessage] Error: Channel closing: too late to send/recv, messages will be lost


###!!! [Child][MessageChannel::SendAndWait] Error: Channel error: cannot send/recv

1594018693866	mozrunner::runner	INFO	Running command: "C:\\Program Files\\Mozilla Firefox\\firefox.exe" "-marionette" "-foreground" "-no-remote" "-profile" "C:\\Users\\adith\\AppData\\Local\\Temp\\rust_mozprofilefDoreE"
JavaScript error: resource://gre/modules/XULStore.jsm, line 66: Error: Can't find profile directory.
1594018696461	Marionette	INFO	Listening on port 5581
1594018696491	Marionette	WARN	TLS certificate errors will be ignored for this session
1594018710411	Marionette	INFO	Stopped listening on port 5581

###!!! [Child][RunMessage] Error: Channel closing: too late to send/recv, messages will be lost


###!!! [Child][MessageChannel::SendAndWait] Error: Channel error: cannot send/recv

1594018979120	mozrunner::runner	INFO	Running command: "C:\\Program Files\\Mozilla Firefox\\firefox.exe" "-marionette" "-foreground" "-no-remote" "-profile" "C:\\Users\\adith\\AppData\\Local\\Temp\\rust_mozprofileIIPGVZ"
JavaScript error: resource://gre/modules/XULStore.jsm, line 66: Error: Can't find profile directory.
1594018981723	Marionette	INFO	Listening on port 5657
1594018981767	Marionette	WARN	TLS certificate errors will be ignored for this session
1594018988681	Marionette	INFO	Stopped listening on port 5657

###!!! [Child][RunMessage] Error: Channel closing: too late to send/recv, messages will be lost


###!!! [Child][MessageChannel::SendAndWait] Error: Channel error: cannot send/recv

1594019020864	mozrunner::runner	INFO	Running command: "C:\\Program Files\\Mozilla Firefox\\firefox.exe" "-marionette" "-foreground" "-no-remote" "-profile" "C:\\Users\\adith\\AppData\\Local\\Temp\\rust_mozprofileBRaUSw"
JavaScript error: resource://gre/modules/XULStore.jsm, line 66: Error: Can't find profile directory.
1594019023711	Marionette	INFO	Listening on port 5722
1594019023990	Marionette	WARN	TLS certificate errors will be ignored for this session
JavaScript error: http://192.168.1.1/common.js, line 14: TypeError: top.frames[0].resetTimeoutFunc is not a function
console.error: Region.jsm: "Failed to fetch region" (new TypeError("NetworkError when attempting to fetch resource.", ""))
1594019026621	Marionette	INFO	Stopped listening on port 5722
1594019031159	mozrunner::runner	INFO	Running command: "C:\\Program Files\\Mozilla Firefox\\firefox.exe" "-marionette" "-foreground" "-no-remote" "-profile" "C:\\Users\\adith\\AppData\\Local\\Temp\\rust_mozprofile64kEMW"
JavaScript error: resource://gre/modules/XULStore.jsm, line 66: Error: Can't find profile directory.
1594019033754	Marionette	INFO	Listening on port 5792
1594019033789	Marionette	WARN	TLS certificate errors will be ignored for this session
console.error: "Store does not have a valid reducer. Make sure the argument passed to combineReducers is an object whose values are reducers."
1594019065024	Marionette	INFO	Stopped listening on port 5792

###!!! [Child][RunMessage] Error: Channel closing: too late to send/recv, messages will be lost


###!!! [Child][MessageChannel::SendAndWait] Error: Channel error: cannot send/recv

1594019130283	mozrunner::runner	INFO	Running command: "C:\\Program Files\\Mozilla Firefox\\firefox.exe" "-marionette" "-foreground" "-no-remote" "-profile" "C:\\Users\\adith\\AppData\\Local\\Temp\\rust_mozprofilebeH4t0"
JavaScript error: resource://gre/modules/XULStore.jsm, line 66: Error: Can't find profile directory.
1594019132918	Marionette	INFO	Listening on port 5843
1594019133443	Marionette	WARN	TLS certificate errors will be ignored for this session
JavaScript error: http://192.168.1.1/common.js, line 14: TypeError: top.frames[0].resetTimeoutFunc is not a function
1594019137790	Marionette	INFO	Stopped listening on port 5843

###!!! [Child][RunMessage] Error: Channel closing: too late to send/recv, messages will be lost


###!!! [Child][MessageChannel::SendAndWait] Error: Channel error: cannot send/recv

